%!Adobe-FontList 1.20
%Locale:0x409

%BeginFont
Handler:DirectoryHandler
FontType:Invalid
OutlineFileName:/Users/EricLybbert/Documents/projects/COMM 130/Worksheets/2020/InDesign/InDesign-worksheet Folder (2020)/Document fonts/AdobeFnt20.lst
FileLength:8263
FileModTime:611704806
%EndFont

%BeginFont
Handler:DirectoryHandler
FontType:Type1
FontName:MyriadPro-Regular
FamilyName:Myriad Pro
StyleName:Regular
MenuName:Myriad Pro
StyleBits:0
WeightClass:400
WidthClass:5
AngleClass:0
FullName:Myriad Pro
WritingScript:Roman
OutlineFileName:/Users/EricLybbert/Documents/projects/COMM 130/Worksheets/2020/InDesign/InDesign-worksheet Folder (2020)/Document fonts/MyriadPro-Regular.otf
DataFormat:sfntData
UsesStandardEncoding:yes
isCFF:yes
hasSVG:no
VariableFontType:NonVariableFont
FileLength:97072
FileModTime:491241140
DesignSize:110
NameArray:0,Mac,4,Myriad Pro
NameArray:0,Win,1,Myriad Pro
%EndFont

%BeginFont
Handler:DirectoryHandler
FontType:Type1
FontName:MinionPro-Regular
FamilyName:Minion Pro
StyleName:Regular
MenuName:Minion Pro
StyleBits:0
WeightClass:400
WidthClass:5
AngleClass:0
FullName:Minion Pro
WritingScript:Roman
OutlineFileName:/Users/EricLybbert/Documents/projects/COMM 130/Worksheets/2020/InDesign/InDesign-worksheet Folder (2020)/Document fonts/MinionPro-Regular.otf
DataFormat:sfntData
UsesStandardEncoding:yes
isCFF:yes
hasSVG:no
VariableFontType:NonVariableFont
FileLength:218640
FileModTime:491241140
DesignSize:110
NameArray:0,Mac,4,Minion Pro
NameArray:0,Win,1,Minion Pro
%EndFont

%BeginFont
Handler:DirectoryHandler
FontType:Type1
FontName:MyriadPro-Bold
FamilyName:Myriad Pro
StyleName:Bold
MenuName:Myriad Pro
StyleBits:2
WeightClass:700
WidthClass:5
AngleClass:0
FullName:Myriad Pro Bold
WritingScript:Roman
OutlineFileName:/Users/EricLybbert/Documents/projects/COMM 130/Worksheets/2020/InDesign/InDesign-worksheet Folder (2020)/Document fonts/MyriadPro-Bold.otf
DataFormat:sfntData
UsesStandardEncoding:yes
isCFF:yes
hasSVG:no
VariableFontType:NonVariableFont
FileLength:97124
FileModTime:491241140
DesignSize:110
NameArray:0,Mac,4,Myriad Pro Bold
NameArray:0,Win,1,Myriad Pro
%EndFont

%BeginFont
Handler:DirectoryHandler
FontType:TrueType
FontName:Helvetica
FamilyName:Helvetica
StyleName:Regular
MenuName:Helvetica
StyleBits:0
WeightClass:400
WidthClass:5
AngleClass:0
FullName:Helvetica
WritingScript:Roman
OutlineFileName:/Users/EricLybbert/Documents/projects/COMM 130/Worksheets/2020/InDesign/InDesign-worksheet Folder (2020)/Document fonts/Helvetica.dfont
DataFormat:sfntResource
ResourceID:25595
hasSVG:no
VariableFontType:NonVariableFont
FileLength:2562874
FileModTime:467332330
NameArray:0,Mac,18,Helvetica
NameArray:0,Mac,4,Helvetica
%EndFont

%BeginFont
Handler:DirectoryHandler
FontType:TrueType
FontName:Helvetica-Bold
FamilyName:Helvetica
StyleName:Bold
MenuName:Helvetica
StyleBits:2
WeightClass:700
WidthClass:5
AngleClass:0
FullName:Helvetica Bold
WritingScript:Roman
OutlineFileName:/Users/EricLybbert/Documents/projects/COMM 130/Worksheets/2020/InDesign/InDesign-worksheet Folder (2020)/Document fonts/Helvetica.dfont
DataFormat:sfntResource
ResourceID:28517
hasSVG:no
VariableFontType:NonVariableFont
FileLength:2562874
FileModTime:467332330
NameArray:0,Mac,4,Helvetica Bold
NameArray:0,Mac,4,Helvetica lihava
NameArray:0,Mac,4,Helvetica Gras
NameArray:0,Mac,4,Helvetica Fett
NameArray:0,Mac,4,Helvetica grassetto
NameArray:0,Mac,4,Helvetica vet
NameArray:0,Mac,4,Helvetica Fet
NameArray:0,Mac,4,Helvetica Negrita
NameArray:0,Mac,4,Helvetica Carregado
NameArray:0,Mac,4,Helvetica Halvfet
NameArray:0,Mac,18,Helvetica Bold
NameArray:4,Mac,4,Helvetica‭ ‬أسود
NameArray:4,Mac,4,Helvetica‭ ‬برجسته
NameArray:5,Mac,4,Helvetica‭ ‬עבה
%EndFont

%BeginFont
Handler:DirectoryHandler
FontType:TrueType
FontName:Helvetica-Oblique
FamilyName:Helvetica
StyleName:Oblique
MenuName:Helvetica
StyleBits:1
WeightClass:400
WidthClass:5
AngleClass:1
FullName:Helvetica Oblique
WritingScript:Roman
OutlineFileName:/Users/EricLybbert/Documents/projects/COMM 130/Worksheets/2020/InDesign/InDesign-worksheet Folder (2020)/Document fonts/Helvetica.dfont
DataFormat:sfntResource
ResourceID:22365
hasSVG:no
VariableFontType:NonVariableFont
FileLength:2562874
FileModTime:467332330
NameArray:0,Mac,18,Helvetica Oblique
NameArray:0,Mac,4,Helvetica Oblique
%EndFont

%BeginFont
Handler:DirectoryHandler
FontType:TrueType
FontName:Helvetica-BoldOblique
FamilyName:Helvetica
StyleName:Bold Oblique
MenuName:Helvetica
StyleBits:3
WeightClass:700
WidthClass:5
AngleClass:1
FullName:Helvetica Bold Oblique
WritingScript:Roman
OutlineFileName:/Users/EricLybbert/Documents/projects/COMM 130/Worksheets/2020/InDesign/InDesign-worksheet Folder (2020)/Document fonts/Helvetica.dfont
DataFormat:sfntResource
ResourceID:6413
hasSVG:no
VariableFontType:NonVariableFont
FileLength:2562874
FileModTime:467332330
NameArray:0,Mac,18,Helvetica Bold Oblique
NameArray:0,Mac,4,Helvetica Bold Oblique
%EndFont

%BeginFont
Handler:DirectoryHandler
FontType:TrueType
FontName:Helvetica-Light
FamilyName:Helvetica
StyleName:Light
MenuName:Helvetica
StyleBits:0
WeightClass:300
WidthClass:5
AngleClass:0
FullName:Helvetica Light
WritingScript:Roman
OutlineFileName:/Users/EricLybbert/Documents/projects/COMM 130/Worksheets/2020/InDesign/InDesign-worksheet Folder (2020)/Document fonts/Helvetica.dfont
DataFormat:sfntResource
ResourceID:22375
hasSVG:no
VariableFontType:NonVariableFont
FileLength:2562874
FileModTime:467332330
NameArray:0,Mac,18,Helvetica Light
NameArray:0,Mac,4,Helvetica Light
%EndFont

%BeginFont
Handler:DirectoryHandler
FontType:TrueType
FontName:Helvetica-LightOblique
FamilyName:Helvetica
StyleName:Light Oblique
MenuName:Helvetica
StyleBits:1
WeightClass:300
WidthClass:5
AngleClass:1
FullName:Helvetica Light Oblique
WritingScript:Roman
OutlineFileName:/Users/EricLybbert/Documents/projects/COMM 130/Worksheets/2020/InDesign/InDesign-worksheet Folder (2020)/Document fonts/Helvetica.dfont
DataFormat:sfntResource
ResourceID:6513
hasSVG:no
VariableFontType:NonVariableFont
FileLength:2562874
FileModTime:467332330
NameArray:0,Mac,18,Helvetica Light Oblique
NameArray:0,Mac,4,Helvetica Light Oblique
%EndFont

%BeginFont
Handler:DirectoryHandler
FontType:Suitcase
FontName:Helvetica
OutlineFileName:/Users/EricLybbert/Documents/projects/COMM 130/Worksheets/2020/InDesign/InDesign-worksheet Folder (2020)/Document fonts/Helvetica.dfont
ResourceID:21
MacStyle:0
FileLength:2562874
FileModTime:467332330
%EndFont

%BeginFont
Handler:DirectoryHandler
FontType:Suitcase
FontName:Helvetica-Bold
OutlineFileName:/Users/EricLybbert/Documents/projects/COMM 130/Worksheets/2020/InDesign/InDesign-worksheet Folder (2020)/Document fonts/Helvetica.dfont
ResourceID:21
MacStyle:1
FileLength:2562874
FileModTime:467332330
%EndFont

%BeginFont
Handler:DirectoryHandler
FontType:Suitcase
FontName:Helvetica-Oblique
OutlineFileName:/Users/EricLybbert/Documents/projects/COMM 130/Worksheets/2020/InDesign/InDesign-worksheet Folder (2020)/Document fonts/Helvetica.dfont
ResourceID:21
MacStyle:2
FileLength:2562874
FileModTime:467332330
%EndFont

%BeginFont
Handler:DirectoryHandler
FontType:Suitcase
FontName:Helvetica-BoldOblique
OutlineFileName:/Users/EricLybbert/Documents/projects/COMM 130/Worksheets/2020/InDesign/InDesign-worksheet Folder (2020)/Document fonts/Helvetica.dfont
ResourceID:21
MacStyle:3
FileLength:2562874
FileModTime:467332330
%EndFont

%BeginFont
Handler:DirectoryHandler
FontType:Suitcase
FontName:Helvetica-Light
OutlineFileName:/Users/EricLybbert/Documents/projects/COMM 130/Worksheets/2020/InDesign/InDesign-worksheet Folder (2020)/Document fonts/Helvetica.dfont
ResourceID:211
MacStyle:0
FileLength:2562874
FileModTime:467332330
%EndFont

%BeginFont
Handler:DirectoryHandler
FontType:Suitcase
FontName:Helvetica-LightOblique
OutlineFileName:/Users/EricLybbert/Documents/projects/COMM 130/Worksheets/2020/InDesign/InDesign-worksheet Folder (2020)/Document fonts/Helvetica.dfont
ResourceID:211
MacStyle:2
FileLength:2562874
FileModTime:467332330
%EndFont

%BeginFont
Handler:DirectoryHandler
FontType:Invalid
OutlineFileName:/Users/EricLybbert/Documents/projects/COMM 130/Worksheets/2020/InDesign/InDesign-worksheet Folder (2020)/Document fonts/AdobeFnt16.lst
FileLength:5602
FileModTime:515333091
%EndFont

